Copyright 1986-2020 Xilinx, Inc. All Rights Reserved.
-------------------------------------------------------------------------------------
| Tool Version : Vivado v.2020.1 (win64) Build 2902540 Wed May 27 19:54:49 MDT 2020
| Date         : Thu Mar  7 10:32:50 2024
| Host         : DESKTOP-MH78P00 running 64-bit major release  (build 9200)
| Command      : report_control_sets -verbose -file TOPLevel_control_sets_placed.rpt
| Design       : TOPLevel
| Device       : xc7z020
-------------------------------------------------------------------------------------

Control Set Information

Table of Contents
-----------------
1. Summary
2. Histogram
3. Flip-Flop Distribution
4. Detailed Control Set Information

1. Summary
----------

+----------------------------------------------------------+-------+
|                          Status                          | Count |
+----------------------------------------------------------+-------+
| Total control sets                                       |     5 |
|    Minimum number of control sets                        |     5 |
|    Addition due to synthesis replication                 |     0 |
|    Addition due to physical synthesis replication        |     0 |
| Unused register locations in slices containing registers |    17 |
+----------------------------------------------------------+-------+
* Control sets can be merged at opt_design using control_set_merge or merge_equivalent_drivers
** Run report_qor_suggestions for automated merging and remapping suggestions


2. Histogram
------------

+--------------------+-------+
|       Fanout       | Count |
+--------------------+-------+
| Total control sets |     5 |
| >= 0 to < 4        |     2 |
| >= 4 to < 6        |     0 |
| >= 6 to < 8        |     2 |
| >= 8 to < 10       |     0 |
| >= 10 to < 12      |     0 |
| >= 12 to < 14      |     0 |
| >= 14 to < 16      |     0 |
| >= 16              |     1 |
+--------------------+-------+
* Control sets can be remapped at either synth_design or opt_design


3. Flip-Flop Distribution
-------------------------

+--------------+-----------------------+------------------------+-----------------+--------------+
| Clock Enable | Synchronous Set/Reset | Asynchronous Set/Reset | Total Registers | Total Slices |
+--------------+-----------------------+------------------------+-----------------+--------------+
| No           | No                    | No                     |               0 |            0 |
| No           | No                    | Yes                    |               0 |            0 |
| No           | Yes                   | No                     |              32 |            8 |
| Yes          | No                    | No                     |              13 |            5 |
| Yes          | No                    | Yes                    |               0 |            0 |
| Yes          | Yes                   | No                     |               2 |            2 |
+--------------+-----------------------+------------------------+-----------------+--------------+


4. Detailed Control Set Information
-----------------------------------

+----------------+------------------------+-------------------------+------------------+----------------+--------------+
|  Clock Signal  |      Enable Signal     |     Set/Reset Signal    | Slice Load Count | Bel Load Count | Bels / Slice |
+----------------+------------------------+-------------------------+------------------+----------------+--------------+
|  CLk_IBUF_BUFG | uut1/E0__0             | uut1/E_reg_i_1_n_0      |                1 |              1 |         1.00 |
|  CLk_IBUF_BUFG | uut1/RS1_out           | uut1/E_reg_i_1_n_0      |                1 |              1 |         1.00 |
|  CLk_IBUF_BUFG | uut1/BCDSUM[5]_i_1_n_0 |                         |                2 |              6 |         3.00 |
|  CLk_IBUF_BUFG | uut1/DATA[7]_i_1_n_0   |                         |                3 |              7 |         2.33 |
|  CLk_IBUF_BUFG |                        | uut1/counter[0]_i_1_n_0 |                8 |             32 |         4.00 |
+----------------+------------------------+-------------------------+------------------+----------------+--------------+


