Copyright 1986-2020 Xilinx, Inc. All Rights Reserved.
------------------------------------------------------------------------------------
| Tool Version : Vivado v.2020.1 (win64) Build 2902540 Wed May 27 19:54:49 MDT 2020
| Date         : Thu Mar  7 09:10:09 2024
| Host         : DESKTOP-MH78P00 running 64-bit major release  (build 9200)
| Command      : report_control_sets -verbose -file LCD_control_sets_placed.rpt
| Design       : LCD
| Device       : xc7z020
------------------------------------------------------------------------------------

Control Set Information

Table of Contents
-----------------
1. Summary
2. Histogram
3. Flip-Flop Distribution
4. Detailed Control Set Information

1. Summary
----------

+----------------------------------------------------------+-------+
|                          Status                          | Count |
+----------------------------------------------------------+-------+
| Total control sets                                       |     7 |
|    Minimum number of control sets                        |     7 |
|    Addition due to synthesis replication                 |     0 |
|    Addition due to physical synthesis replication        |     0 |
| Unused register locations in slices containing registers |    38 |
+----------------------------------------------------------+-------+
* Control sets can be merged at opt_design using control_set_merge or merge_equivalent_drivers
** Run report_qor_suggestions for automated merging and remapping suggestions


2. Histogram
------------

+--------------------+-------+
|       Fanout       | Count |
+--------------------+-------+
| Total control sets |     7 |
| >= 0 to < 4        |     5 |
| >= 4 to < 6        |     1 |
| >= 6 to < 8        |     0 |
| >= 8 to < 10       |     0 |
| >= 10 to < 12      |     0 |
| >= 12 to < 14      |     0 |
| >= 14 to < 16      |     0 |
| >= 16              |     1 |
+--------------------+-------+
* Control sets can be remapped at either synth_design or opt_design


3. Flip-Flop Distribution
-------------------------

+--------------+-----------------------+------------------------+-----------------+--------------+
| Clock Enable | Synchronous Set/Reset | Asynchronous Set/Reset | Total Registers | Total Slices |
+--------------+-----------------------+------------------------+-----------------+--------------+
| No           | No                    | No                     |              32 |            8 |
| No           | No                    | Yes                    |               0 |            0 |
| No           | Yes                   | No                     |               0 |            0 |
| Yes          | No                    | No                     |               0 |            0 |
| Yes          | No                    | Yes                    |               0 |            0 |
| Yes          | Yes                   | No                     |              10 |            8 |
+--------------+-----------------------+------------------------+-----------------+--------------+


4. Detailed Control Set Information
-----------------------------------

+----------------+-----------------+------------------+------------------+----------------+--------------+
|  Clock Signal  |  Enable Signal  | Set/Reset Signal | Slice Load Count | Bel Load Count | Bels / Slice |
+----------------+-----------------+------------------+------------------+----------------+--------------+
|  Clk_IBUF_BUFG | DATA[0]_i_2_n_0 | DATA[0]_i_1_n_0  |                1 |              1 |         1.00 |
|  Clk_IBUF_BUFG | DATA[6]_i_2_n_0 | DATA[6]_i_1_n_0  |                1 |              1 |         1.00 |
|  Clk_IBUF_BUFG | DATA[7]_i_2_n_0 | DATA[7]_i_1_n_0  |                1 |              1 |         1.00 |
|  Clk_IBUF_BUFG | E0              | E_reg_i_1_n_0    |                1 |              1 |         1.00 |
|  Clk_IBUF_BUFG | RS_i_1_n_0      | E_reg_i_1_n_0    |                1 |              1 |         1.00 |
|  Clk_IBUF_BUFG | DATA[5]_i_2_n_0 | DATA[5]_i_1_n_0  |                3 |              5 |         1.67 |
|  Clk_IBUF_BUFG |                 |                  |                8 |             32 |         4.00 |
+----------------+-----------------+------------------+------------------+----------------+--------------+


